#
# There is insufficient memory for the Java Runtime Environment to continue.
# Native memory allocation (mmap) failed to map 77594624 bytes for G1 virtual space
# Possible reasons:
#   The system is out of physical RAM or swap space
#   The process is running with CompressedOops enabled, and the Java Heap may be blocking the growth of the native heap
# Possible solutions:
#   Reduce memory load on the system
#   Increase physical memory or swap space
#   Check if swap backing store is full
#   Decrease Java heap size (-Xmx/-Xms)
#   Decrease number of Java threads
#   Decrease Java thread stack sizes (-Xss)
#   Set larger code cache with -XX:ReservedCodeCacheSize=
#   JVM is running with Zero Based Compressed Oops mode in which the Java heap is
#     placed in the first 32GB address space. The Java Heap base address is the
#     maximum limit for the native heap growth. Please use -XX:HeapBaseMinAddress
#     to set the Java Heap base and to place the Java Heap above 32GB virtual address.
# This output file may be truncated or incomplete.
#
#  Out of Memory Error (./open/src/hotspot/os/windows/os_windows.cpp:3321), pid=15244, tid=6896
#
# JRE version: Java(TM) SE Runtime Environment (15.0.2+7) (build 15.0.2+7-27)
# Java VM: Java HotSpot(TM) 64-Bit Server VM (15.0.2+7-27, mixed mode, sharing, tiered, compressed oops, g1 gc, windows-amd64)
# No core dump will be written. Minidumps are not enabled by default on client versions of Windows
#

---------------  S U M M A R Y ------------

Command Line: -javaagent:C:\Program Files\JetBrains\IntelliJ IDEA 2020.3.2\lib\idea_rt.jar=1054:C:\Program Files\JetBrains\IntelliJ IDEA 2020.3.2\bin -Dfile.encoding=UTF-8 it.polimi.ingsw.ClientApp -g

Host: Intel(R) Core(TM) i5-4210U CPU @ 1.70GHz, 4 cores, 11G,  Windows 10 , 64 bit Build 19041 (10.0.19041.1023)
Time: Tue Jun 22 16:46:36 2021 W. Europe Daylight Time elapsed time: 36.424817 seconds (0d 0h 0m 36s)

---------------  T H R E A D  ---------------

Current thread (0x0000021ab3f69b70):  VMThread "VM Thread" [stack: 0x0000008d83e00000,0x0000008d83f00000] [id=6896]

Stack: [0x0000008d83e00000,0x0000008d83f00000]
[error occurred during error reporting (printing stack bounds), id 0xc0000005, EXCEPTION_ACCESS_VIOLATION (0xc0000005) at pc=0x0000021a9b9210ad]

Native frames: (J=compiled Java code, j=interpreted, Vv=VM code, C=native code)
V  [jvm.dll+0x62ae9a]
V  [jvm.dll+0x7817a9]
V  [jvm.dll+0x782f03]
V  [jvm.dll+0x7834c5]
V  [jvm.dll+0x78347b]
V  [jvm.dll+0x62a2b9]
V  [jvm.dll+0x62aa88]
C  [ntdll.dll+0xa217f]
C  [ntdll.dll+0x51454]
C  [ntdll.dll+0xa0cae]
C  0x0000021a9b9210ad

VM_Operation (0x0000008d83aff560): G1Concurrent, mode: safepoint, requested by thread 0x0000021a93738160


---------------  P R O C E S S  ---------------

Threads class SMR info:
_java_thread_list=0x0000021ab48eca40, length=22, elements={
0x0000021a936e4290, 0x0000021ab3f731e0, 0x0000021ab3f743c0, 0x0000021ab3f889e0,
0x0000021ab3f8b4a0, 0x0000021ab3f8bf50, 0x0000021ab3f8fd50, 0x0000021ab3fbe810,
0x0000021ab4914fa0, 0x0000021ab499f7f0, 0x0000021ab4a51b90, 0x0000021ab4b27ed0,
0x0000021ab4b5f200, 0x0000021ab4ddf090, 0x0000021ab53384f0, 0x0000021ab5206b50,
0x0000021ab53246f0, 0x0000021ab5325090, 0x0000021ab5322a10, 0x0000021ab5325a30,
0x0000021ab5323d50, 0x0000021ab5323880
}

Java Threads: ( => current thread )
  0x0000021a936e4290 JavaThread "main" [_thread_blocked, id=7900, stack(0x0000008d83800000,0x0000008d83900000)]
  0x0000021ab3f731e0 JavaThread "Reference Handler" daemon [_thread_blocked, id=14984, stack(0x0000008d83f00000,0x0000008d84000000)]
  0x0000021ab3f743c0 JavaThread "Finalizer" daemon [_thread_blocked, id=14020, stack(0x0000008d84000000,0x0000008d84100000)]
  0x0000021ab3f889e0 JavaThread "Signal Dispatcher" daemon [_thread_blocked, id=16008, stack(0x0000008d84100000,0x0000008d84200000)]
  0x0000021ab3f8b4a0 JavaThread "Attach Listener" daemon [_thread_blocked, id=7672, stack(0x0000008d84200000,0x0000008d84300000)]
  0x0000021ab3f8bf50 JavaThread "Service Thread" daemon [_thread_blocked, id=8172, stack(0x0000008d84300000,0x0000008d84400000)]
  0x0000021ab3f8fd50 JavaThread "C2 CompilerThread0" daemon [_thread_blocked, id=5880, stack(0x0000008d84400000,0x0000008d84500000)]
  0x0000021ab3fbe810 JavaThread "C1 CompilerThread0" daemon [_thread_blocked, id=16664, stack(0x0000008d84500000,0x0000008d84600000)]
  0x0000021ab4914fa0 JavaThread "Sweeper thread" daemon [_thread_blocked, id=5684, stack(0x0000008d84600000,0x0000008d84700000)]
  0x0000021ab499f7f0 JavaThread "Common-Cleaner" daemon [_thread_blocked, id=16012, stack(0x0000008d84700000,0x0000008d84800000)]
  0x0000021ab4a51b90 JavaThread "Monitor Ctrl-Break" daemon [_thread_in_native, id=1880, stack(0x0000008d84800000,0x0000008d84900000)]
  0x0000021ab4b27ed0 JavaThread "Notification Thread" daemon [_thread_blocked, id=15268, stack(0x0000008d84900000,0x0000008d84a00000)]
  0x0000021ab4b5f200 JavaThread "JavaFX-Launcher" [_thread_blocked, id=10512, stack(0x0000008d84b00000,0x0000008d84c00000)]
  0x0000021ab4ddf090 JavaThread "QuantumRenderer-0" daemon [_thread_blocked, id=2020, stack(0x0000008d84c00000,0x0000008d84d00000)]
  0x0000021ab53384f0 JavaThread "InvokeLaterDispatcher" daemon [_thread_blocked, id=17144, stack(0x0000008d84d00000,0x0000008d84e00000)]
  0x0000021ab5206b50 JavaThread "JavaFX Application Thread" [_thread_blocked, id=14792, stack(0x0000008d85100000,0x0000008d85200000)]
  0x0000021ab53246f0 JavaThread "Thread-2" daemon [_thread_blocked, id=16912, stack(0x0000008d85500000,0x0000008d85600000)]
  0x0000021ab5325090 JavaThread "Prism Font Disposer" daemon [_thread_blocked, id=7812, stack(0x0000008d85600000,0x0000008d85700000)]
  0x0000021ab5322a10 JavaThread "Cleaner-0" daemon [_thread_blocked, id=4716, stack(0x0000008d85a00000,0x0000008d85b00000)]
  0x0000021ab5325a30 JavaThread "pool-3-thread-1" [_thread_in_native, id=14556, stack(0x0000008d85e00000,0x0000008d85f00000)]
  0x0000021ab5323d50 JavaThread "pool-4-thread-1" [_thread_blocked, id=9496, stack(0x0000008d85f00000,0x0000008d86000000)]
  0x0000021ab5323880 JavaThread "pool-2-thread-1" [_thread_blocked, id=15060, stack(0x0000008d86000000,0x0000008d86100000)]

Other Threads:
=>0x0000021ab3f69b70 VMThread "VM Thread" [stack: 0x0000008d83e00000,0x0000008d83f00000] [id=6896]
  0x0000021ab4a52060 WatcherThread [stack: 0x0000008d84a00000,0x0000008d84b00000] [id=13804]
  0x0000021a9372a130 GCTaskThread "GC Thread#0" [stack: 0x0000008d83900000,0x0000008d83a00000] [id=14380]
  0x0000021ab4c66e30 GCTaskThread "GC Thread#1" [stack: 0x0000008d84e00000,0x0000008d84f00000] [id=11500]
  0x0000021ab4c67160 GCTaskThread "GC Thread#2" [stack: 0x0000008d84f00000,0x0000008d85000000] [id=17400]
  0x0000021ab4c66b00 GCTaskThread "GC Thread#3" [stack: 0x0000008d85000000,0x0000008d85100000] [id=14024]
  0x0000021a93738160 ConcurrentGCThread "G1 Main Marker" [stack: 0x0000008d83a00000,0x0000008d83b00000] [id=4808]
  0x0000021a93738d50 ConcurrentGCThread "G1 Conc#0" [stack: 0x0000008d83b00000,0x0000008d83c00000] [id=17340]
  0x0000021a937b7220 ConcurrentGCThread "G1 Refine#0" [stack: 0x0000008d83c00000,0x0000008d83d00000] [id=9656]
  0x0000021a937b7e20 ConcurrentGCThread "G1 Young RemSet Sampling" [stack: 0x0000008d83d00000,0x0000008d83e00000] [id=15148]

Threads with active compile tasks:

VM state: at safepoint (normal execution)

VM Mutex/Monitor currently owned by a thread:  ([mutex/lock_event])
[0x0000021a936e0c30] Threads_lock - owner thread: 0x0000021ab3f69b70
[0x0000021a936e1890] Heap_lock - owner thread: 0x0000021a93738160

Heap address: 0x0000000741200000, size: 3054 MB, Compressed Oops mode: Zero based, Oop shift amount: 3
CDS archive(s) mapped at: [0x0000000800000000-0x0000000800b50000-0x0000000800b50000), size 11862016, SharedBaseAddress: 0x0000000800000000, ArchiveRelocationMode: 0.
Compressed class space mapped at: 0x0000000800b50000-0x0000000840b50000, size: 1073741824
Narrow klass base: 0x0000000800000000, Narrow klass shift: 3, Narrow klass range: 0x100000000

GC Precious Log:
 CPUs: 4 total, 4 available
 Memory: 12211M
 Large Page Support: Disabled
 NUMA Support: Disabled
 Compressed Oops: Enabled (Zero based)
 Heap Region Size: 2M
 Heap Min Capacity: 8M
 Heap Initial Capacity: 192M
 Heap Max Capacity: 3054M
 Pre-touch: Disabled
 Parallel Workers: 4
 Concurrent Workers: 1
 Concurrent Refinement Workers: 4
 Periodic GC: Disabled

Heap:
 garbage-first heap   total 305152K, used 179258K [0x0000000741200000, 0x0000000800000000)
  region size 2048K, 4 young (8192K), 3 survivors (6144K)
 Metaspace       used 19110K, capacity 19485K, committed 19584K, reserved 1067008K
  class space    used 2559K, capacity 2686K, committed 2688K, reserved 1048576K

Heap Regions: E=young(eden), S=young(survivor), O=old, HS=humongous(starts), HC=humongous(continues), CS=collection set, F=free, OA=open archive, CA=closed archive, TAMS=top-at-mark-start (previous, next)
|   0|0x0000000741200000, 0x0000000741400000, 0x0000000741400000|100%| O|  |TAMS 0x0000000741400000, 0x0000000741200000| Updating 
|   1|0x0000000741400000, 0x0000000741600000, 0x0000000741600000|100%| O|  |TAMS 0x0000000741600000, 0x0000000741400000| Updating 
|   2|0x0000000741600000, 0x0000000741800000, 0x0000000741800000|100%|HS|  |TAMS 0x0000000741800000, 0x0000000741600000| Complete 
|   3|0x0000000741800000, 0x0000000741a00000, 0x0000000741a00000|100%|HS|  |TAMS 0x0000000741a00000, 0x0000000741800000| Complete 
|   4|0x0000000741a00000, 0x0000000741c00000, 0x0000000741c00000|100%|HC|  |TAMS 0x0000000741c00000, 0x0000000741a00000| Complete 
|   5|0x0000000741c00000, 0x0000000741e00000, 0x0000000741e00000|100%|HS|  |TAMS 0x0000000741e00000, 0x0000000741c00000| Complete 
|   6|0x0000000741e00000, 0x0000000742000000, 0x0000000742000000|100%|HC|  |TAMS 0x0000000742000000, 0x0000000741e00000| Complete 
|   7|0x0000000742000000, 0x0000000742200000, 0x0000000742200000|100%|HS|  |TAMS 0x0000000742200000, 0x0000000742000000| Complete 
|   8|0x0000000742200000, 0x0000000742400000, 0x0000000742400000|100%|HC|  |TAMS 0x0000000742400000, 0x0000000742200000| Complete 
|   9|0x0000000742400000, 0x0000000742600000, 0x0000000742600000|100%|HS|  |TAMS 0x0000000742600000, 0x0000000742400000| Complete 
|  10|0x0000000742600000, 0x0000000742800000, 0x0000000742800000|100%|HC|  |TAMS 0x0000000742800000, 0x0000000742600000| Complete 
|  11|0x0000000742800000, 0x0000000742a00000, 0x0000000742a00000|100%|HS|  |TAMS 0x0000000742a00000, 0x0000000742800000| Complete 
|  12|0x0000000742a00000, 0x0000000742c00000, 0x0000000742c00000|100%|HC|  |TAMS 0x0000000742c00000, 0x0000000742a00000| Complete 
|  13|0x0000000742c00000, 0x0000000742e00000, 0x0000000742e00000|100%|HC|  |TAMS 0x0000000742e00000, 0x0000000742c00000| Complete 
|  14|0x0000000742e00000, 0x0000000743000000, 0x0000000743000000|100%|HC|  |TAMS 0x0000000743000000, 0x0000000742e00000| Complete 
|  15|0x0000000743000000, 0x0000000743200000, 0x0000000743200000|100%|HC|  |TAMS 0x0000000743200000, 0x0000000743000000| Complete 
|  16|0x0000000743200000, 0x0000000743400000, 0x0000000743400000|100%|HC|  |TAMS 0x0000000743400000, 0x0000000743200000| Complete 
|  17|0x0000000743400000, 0x0000000743600000, 0x0000000743600000|100%|HC|  |TAMS 0x0000000743600000, 0x0000000743400000| Complete 
|  18|0x0000000743600000, 0x0000000743800000, 0x0000000743800000|100%|HC|  |TAMS 0x0000000743800000, 0x0000000743600000| Complete 
|  19|0x0000000743800000, 0x0000000743a00000, 0x0000000743a00000|100%|HC|  |TAMS 0x0000000743a00000, 0x0000000743800000| Complete 
|  20|0x0000000743a00000, 0x0000000743c00000, 0x0000000743c00000|100%|HC|  |TAMS 0x0000000743c00000, 0x0000000743a00000| Complete 
|  21|0x0000000743c00000, 0x0000000743e00000, 0x0000000743e00000|100%|HS|  |TAMS 0x0000000743e00000, 0x0000000743c00000| Complete 
|  22|0x0000000743e00000, 0x0000000744000000, 0x0000000744000000|100%|HC|  |TAMS 0x0000000744000000, 0x0000000743e00000| Complete 
|  23|0x0000000744000000, 0x0000000744200000, 0x0000000744200000|100%|HC|  |TAMS 0x0000000744200000, 0x0000000744000000| Complete 
|  24|0x0000000744200000, 0x0000000744400000, 0x0000000744400000|100%|HC|  |TAMS 0x0000000744400000, 0x0000000744200000| Complete 
|  25|0x0000000744400000, 0x0000000744600000, 0x0000000744600000|100%|HC|  |TAMS 0x0000000744600000, 0x0000000744400000| Complete 
|  26|0x0000000744600000, 0x0000000744800000, 0x0000000744800000|100%|HC|  |TAMS 0x0000000744800000, 0x0000000744600000| Complete 
|  27|0x0000000744800000, 0x0000000744a00000, 0x0000000744a00000|100%|HC|  |TAMS 0x0000000744a00000, 0x0000000744800000| Complete 
|  28|0x0000000744a00000, 0x0000000744c00000, 0x0000000744c00000|100%|HC|  |TAMS 0x0000000744c00000, 0x0000000744a00000| Complete 
|  29|0x0000000744c00000, 0x0000000744e00000, 0x0000000744e00000|100%|HC|  |TAMS 0x0000000744e00000, 0x0000000744c00000| Complete 
|  30|0x0000000744e00000, 0x0000000745000000, 0x0000000745000000|100%|HC|  |TAMS 0x0000000745000000, 0x0000000744e00000| Complete 
|  31|0x0000000745000000, 0x0000000745200000, 0x0000000745200000|100%|HC|  |TAMS 0x0000000745200000, 0x0000000745000000| Complete 
|  32|0x0000000745200000, 0x0000000745400000, 0x0000000745400000|100%|HC|  |TAMS 0x0000000745400000, 0x0000000745200000| Complete 
|  33|0x0000000745400000, 0x0000000745600000, 0x0000000745600000|100%|HC|  |TAMS 0x0000000745600000, 0x0000000745400000| Complete 
|  34|0x0000000745600000, 0x0000000745800000, 0x0000000745800000|100%|HC|  |TAMS 0x0000000745800000, 0x0000000745600000| Complete 
|  35|0x0000000745800000, 0x0000000745a00000, 0x0000000745a00000|100%|HC|  |TAMS 0x0000000745a00000, 0x0000000745800000| Complete 
|  36|0x0000000745a00000, 0x0000000745c00000, 0x0000000745c00000|100%|HC|  |TAMS 0x0000000745c00000, 0x0000000745a00000| Complete 
|  37|0x0000000745c00000, 0x0000000745e00000, 0x0000000745e00000|100%|HC|  |TAMS 0x0000000745e00000, 0x0000000745c00000| Complete 
|  38|0x0000000745e00000, 0x0000000746000000, 0x0000000746000000|100%|HC|  |TAMS 0x0000000746000000, 0x0000000745e00000| Complete 
|  39|0x0000000746000000, 0x0000000746200000, 0x0000000746200000|100%| O|  |TAMS 0x0000000746200000, 0x0000000746000000| Updating 
|  40|0x0000000746200000, 0x0000000746400000, 0x0000000746400000|100%| O|  |TAMS 0x0000000746400000, 0x0000000746200000| Updating 
|  41|0x0000000746400000, 0x0000000746600000, 0x0000000746600000|100%| O|  |TAMS 0x00000007464db400, 0x0000000746400000| Updating 
|  42|0x0000000746600000, 0x0000000746800000, 0x0000000746800000|100%|HS|  |TAMS 0x0000000746800000, 0x0000000746600000| Complete 
|  43|0x0000000746800000, 0x0000000746a00000, 0x0000000746a00000|100%|HC|  |TAMS 0x0000000746a00000, 0x0000000746800000| Complete 
|  44|0x0000000746a00000, 0x0000000746c00000, 0x0000000746c00000|100%|HC|  |TAMS 0x0000000746c00000, 0x0000000746a00000| Complete 
|  45|0x0000000746c00000, 0x0000000746e00000, 0x0000000746e00000|100%|HC|  |TAMS 0x0000000746e00000, 0x0000000746c00000| Complete 
|  46|0x0000000746e00000, 0x0000000747000000, 0x0000000747000000|100%|HC|  |TAMS 0x0000000747000000, 0x0000000746e00000| Complete 
|  47|0x0000000747000000, 0x0000000747200000, 0x0000000747200000|100%|HC|  |TAMS 0x0000000747200000, 0x0000000747000000| Complete 
|  48|0x0000000747200000, 0x0000000747400000, 0x0000000747400000|100%|HC|  |TAMS 0x0000000747400000, 0x0000000747200000| Complete 
|  49|0x0000000747400000, 0x0000000747600000, 0x0000000747600000|100%|HC|  |TAMS 0x0000000747600000, 0x0000000747400000| Complete 
|  50|0x0000000747600000, 0x0000000747800000, 0x0000000747800000|100%|HC|  |TAMS 0x0000000747800000, 0x0000000747600000| Complete 
|  51|0x0000000747800000, 0x0000000747a00000, 0x0000000747a00000|100%|HC|  |TAMS 0x0000000747a00000, 0x0000000747800000| Complete 
|  52|0x0000000747a00000, 0x0000000747c00000, 0x0000000747c00000|100%|HC|  |TAMS 0x0000000747c00000, 0x0000000747a00000| Complete 
|  53|0x0000000747c00000, 0x0000000747e00000, 0x0000000747e00000|100%|HC|  |TAMS 0x0000000747e00000, 0x0000000747c00000| Complete 
|  54|0x0000000747e00000, 0x0000000748000000, 0x0000000748000000|100%|HC|  |TAMS 0x0000000748000000, 0x0000000747e00000| Complete 
|  55|0x0000000748000000, 0x0000000748200000, 0x0000000748200000|100%|HC|  |TAMS 0x0000000748200000, 0x0000000748000000| Complete 
|  56|0x0000000748200000, 0x0000000748400000, 0x0000000748400000|100%|HC|  |TAMS 0x0000000748400000, 0x0000000748200000| Complete 
|  57|0x0000000748400000, 0x0000000748600000, 0x0000000748600000|100%|HC|  |TAMS 0x0000000748600000, 0x0000000748400000| Complete 
|  58|0x0000000748600000, 0x0000000748800000, 0x0000000748800000|100%|HC|  |TAMS 0x0000000748800000, 0x0000000748600000| Complete 
|  59|0x0000000748800000, 0x0000000748a00000, 0x0000000748a00000|100%|HC|  |TAMS 0x0000000748a00000, 0x0000000748800000| Complete 
|  60|0x0000000748a00000, 0x0000000748c00000, 0x0000000748c00000|100%| O|  |TAMS 0x0000000748a00000, 0x0000000748a00000| Untracked 
|  61|0x0000000748c00000, 0x0000000748e00000, 0x0000000748e00000|100%| O|  |TAMS 0x0000000748c00000, 0x0000000748c00000| Untracked 
|  62|0x0000000748e00000, 0x0000000749000000, 0x0000000749000000|100%| O|  |TAMS 0x0000000748e00000, 0x0000000748e00000| Untracked 
|  63|0x0000000749000000, 0x0000000749200000, 0x0000000749200000|100%| O|  |TAMS 0x0000000749000000, 0x0000000749000000| Untracked 
|  64|0x0000000749200000, 0x0000000749400000, 0x0000000749400000|100%| O|  |TAMS 0x0000000749200000, 0x0000000749200000| Untracked 
|  65|0x0000000749400000, 0x0000000749600000, 0x0000000749600000|100%| O|  |TAMS 0x0000000749400000, 0x0000000749400000| Untracked 
|  66|0x0000000749600000, 0x00000007497c4400, 0x0000000749800000| 88%| O|  |TAMS 0x0000000749600000, 0x0000000749600000| Untracked 
|  67|0x0000000749800000, 0x0000000749a00000, 0x0000000749a00000|100%|HS|  |TAMS 0x0000000749800000, 0x0000000749800000| Complete 
|  68|0x0000000749a00000, 0x0000000749c00000, 0x0000000749c00000|100%|HC|  |TAMS 0x0000000749a00000, 0x0000000749a00000| Complete 
|  69|0x0000000749c00000, 0x0000000749e00000, 0x0000000749e00000|100%|HC|  |TAMS 0x0000000749c00000, 0x0000000749c00000| Complete 
|  70|0x0000000749e00000, 0x000000074a000000, 0x000000074a000000|100%|HC|  |TAMS 0x0000000749e00000, 0x0000000749e00000| Complete 
|  71|0x000000074a000000, 0x000000074a200000, 0x000000074a200000|100%|HC|  |TAMS 0x000000074a000000, 0x000000074a000000| Complete 
|  72|0x000000074a200000, 0x000000074a400000, 0x000000074a400000|100%|HC|  |TAMS 0x000000074a200000, 0x000000074a200000| Complete 
|  73|0x000000074a400000, 0x000000074a600000, 0x000000074a600000|100%|HC|  |TAMS 0x000000074a400000, 0x000000074a400000| Complete 
|  74|0x000000074a600000, 0x000000074a800000, 0x000000074a800000|100%|HC|  |TAMS 0x000000074a600000, 0x000000074a600000| Complete 
|  75|0x000000074a800000, 0x000000074aa00000, 0x000000074aa00000|100%|HC|  |TAMS 0x000000074a800000, 0x000000074a800000| Complete 
|  76|0x000000074aa00000, 0x000000074ac00000, 0x000000074ac00000|100%|HC|  |TAMS 0x000000074aa00000, 0x000000074aa00000| Complete 
|  77|0x000000074ac00000, 0x000000074ae00000, 0x000000074ae00000|100%|HC|  |TAMS 0x000000074ac00000, 0x000000074ac00000| Complete 
|  78|0x000000074ae00000, 0x000000074b000000, 0x000000074b000000|100%|HC|  |TAMS 0x000000074ae00000, 0x000000074ae00000| Complete 
|  79|0x000000074b000000, 0x000000074b200000, 0x000000074b200000|100%|HC|  |TAMS 0x000000074b000000, 0x000000074b000000| Complete 
|  80|0x000000074b200000, 0x000000074b400000, 0x000000074b400000|100%|HC|  |TAMS 0x000000074b200000, 0x000000074b200000| Complete 
|  81|0x000000074b400000, 0x000000074b600000, 0x000000074b600000|100%|HC|  |TAMS 0x000000074b400000, 0x000000074b400000| Complete 
|  82|0x000000074b600000, 0x000000074b800000, 0x000000074b800000|100%|HC|  |TAMS 0x000000074b600000, 0x000000074b600000| Complete 
|  83|0x000000074b800000, 0x000000074ba00000, 0x000000074ba00000|100%|HC|  |TAMS 0x000000074b800000, 0x000000074b800000| Complete 
|  84|0x000000074ba00000, 0x000000074bc00000, 0x000000074bc00000|100%|HC|  |TAMS 0x000000074ba00000, 0x000000074ba00000| Complete 
|  85|0x000000074bc00000, 0x000000074bc00000, 0x000000074be00000|  0%| F|  |TAMS 0x000000074bc00000, 0x000000074bc00000| Untracked 
|  86|0x000000074be00000, 0x000000074be00000, 0x000000074c000000|  0%| F|  |TAMS 0x000000074be00000, 0x000000074be00000| Untracked 
|  87|0x000000074c000000, 0x000000074c000000, 0x000000074c200000|  0%| F|  |TAMS 0x000000074c000000, 0x000000074c000000| Untracked 
|  88|0x000000074c200000, 0x000000074c200000, 0x000000074c400000|  0%| F|  |TAMS 0x000000074c200000, 0x000000074c200000| Untracked 
|  89|0x000000074c400000, 0x000000074c400000, 0x000000074c600000|  0%| F|  |TAMS 0x000000074c400000, 0x000000074c400000| Untracked 
|  90|0x000000074c600000, 0x000000074c600000, 0x000000074c800000|  0%| F|  |TAMS 0x000000074c600000, 0x000000074c600000| Untracked 
|  91|0x000000074c800000, 0x000000074c800000, 0x000000074ca00000|  0%| F|  |TAMS 0x000000074c800000, 0x000000074c800000| Untracked 
|  92|0x000000074ca00000, 0x000000074ca00000, 0x000000074cc00000|  0%| F|  |TAMS 0x000000074ca00000, 0x000000074ca00000| Untracked 
|  93|0x000000074cc00000, 0x000000074cc00000, 0x000000074ce00000|  0%| F|  |TAMS 0x000000074cc00000, 0x000000074cc00000| Untracked 
|  94|0x000000074ce00000, 0x000000074ce00000, 0x000000074d000000|  0%| F|  |TAMS 0x000000074ce00000, 0x000000074ce00000| Untracked 
|  95|0x000000074d000000, 0x000000074d000000, 0x000000074d200000|  0%| F|  |TAMS 0x000000074d000000, 0x000000074d000000| Untracked 
|  96|0x000000074d200000, 0x000000074d200000, 0x000000074d400000|  0%| F|  |TAMS 0x000000074d200000, 0x000000074d200000| Untracked 
|  97|0x000000074d400000, 0x000000074d400000, 0x000000074d600000|  0%| F|  |TAMS 0x000000074d400000, 0x000000074d400000| Untracked 
|  98|0x000000074d600000, 0x000000074d600000, 0x000000074d800000|  0%| F|  |TAMS 0x000000074d600000, 0x000000074d600000| Untracked 
|  99|0x000000074d800000, 0x000000074d800000, 0x000000074da00000|  0%| F|  |TAMS 0x000000074d800000, 0x000000074d800000| Untracked 
| 100|0x000000074da00000, 0x000000074da00000, 0x000000074dc00000|  0%| F|  |TAMS 0x000000074da00000, 0x000000074da00000| Untracked 
| 101|0x000000074dc00000, 0x000000074dc00000, 0x000000074de00000|  0%| F|  |TAMS 0x000000074dc00000, 0x000000074dc00000| Untracked 
| 102|0x000000074de00000, 0x000000074de00000, 0x000000074e000000|  0%| F|  |TAMS 0x000000074de00000, 0x000000074de00000| Untracked 
| 103|0x000000074e000000, 0x000000074e000000, 0x000000074e200000|  0%| F|  |TAMS 0x000000074e000000, 0x000000074e000000| Untracked 
| 104|0x000000074e200000, 0x000000074e200000, 0x000000074e400000|  0%| F|  |TAMS 0x000000074e200000, 0x000000074e200000| Untracked 
| 105|0x000000074e400000, 0x000000074e54a550, 0x000000074e600000| 64%| S|CS|TAMS 0x000000074e400000, 0x000000074e400000| Complete 
| 106|0x000000074e600000, 0x000000074e800000, 0x000000074e800000|100%| S|CS|TAMS 0x000000074e600000, 0x000000074e600000| Complete 
| 107|0x000000074e800000, 0x000000074ea00000, 0x000000074ea00000|100%| S|CS|TAMS 0x000000074e800000, 0x000000074e800000| Complete 
| 108|0x000000074ea00000, 0x000000074ea00000, 0x000000074ec00000|  0%| F|  |TAMS 0x000000074ea00000, 0x000000074ea00000| Untracked 
| 109|0x000000074ec00000, 0x000000074ec00000, 0x000000074ee00000|  0%| F|  |TAMS 0x000000074ec00000, 0x000000074ec00000| Untracked 
| 110|0x000000074ee00000, 0x000000074ee00000, 0x000000074f000000|  0%| F|  |TAMS 0x000000074ee00000, 0x000000074ee00000| Untracked 
| 111|0x000000074f000000, 0x000000074f073d68, 0x000000074f200000| 22%| E|  |TAMS 0x000000074f000000, 0x000000074f000000| Complete 

Card table byte_map: [0x0000021aaaf20000,0x0000021aab520000] _byte_map_base: 0x0000021aa7517000

Marking Bits (Prev, Next): (CMBitMap*) 0x0000021a9372b930, (CMBitMap*) 0x0000021a9372b970
 Prev Bits: [0x0000021aabb20000, 0x0000021aaead8000)
 Next Bits: [0x0000021aaeae0000, 0x0000021ab1a98000)

Polling page: 0x0000021a91570000

Metaspace:

Usage:
  Non-class:     16.41 MB capacity,    16.16 MB ( 99%) used,   212.23 KB (  1%) free+waste,    35.75 KB ( <1%) overhead. 
      Class:      2.62 MB capacity,     2.50 MB ( 95%) used,   111.55 KB (  4%) free+waste,    15.44 KB ( <1%) overhead. 
       Both:     19.03 MB capacity,    18.66 MB ( 98%) used,   323.79 KB (  2%) free+waste,    51.19 KB ( <1%) overhead. 

Virtual space:
  Non-class space:       18.00 MB reserved,      16.50 MB ( 92%) committed 
      Class space:        1.00 GB reserved,       2.62 MB ( <1%) committed 
             Both:        1.02 GB reserved,      19.12 MB (  2%) committed 

Chunk freelists:
   Non-Class:  1.00 KB
       Class:  0 bytes
        Both:  1.00 KB

MaxMetaspaceSize: 17179869184.00 GB
CompressedClassSpaceSize: 1.00 GB

CodeHeap 'non-profiled nmethods': size=120000Kb used=1831Kb max_used=1831Kb free=118168Kb
 bounds [0x0000021aa33f0000, 0x0000021aa3660000, 0x0000021aaa920000]
CodeHeap 'profiled nmethods': size=120000Kb used=7930Kb max_used=7930Kb free=112069Kb
 bounds [0x0000021a9bec0000, 0x0000021a9c680000, 0x0000021aa33f0000]
CodeHeap 'non-nmethods': size=5760Kb used=1467Kb max_used=1511Kb free=4292Kb
 bounds [0x0000021a9b920000, 0x0000021a9bb90000, 0x0000021a9bec0000]
 total_blobs=4691 nmethods=3891 adapters=712
 compilation: enabled
              stopped_count=0, restarted_count=0
 full_count=0

Compilation events (20 events):
Event: 36.280 Thread 0x0000021ab3fbe810 nmethod 3888 0x0000021a9c678390 code [0x0000021a9c678540, 0x0000021a9c6786e8]
Event: 36.280 Thread 0x0000021ab3fbe810 3889       3       sun.net.www.protocol.file.FileURLConnection::<init> (38 bytes)
Event: 36.280 Thread 0x0000021ab3fbe810 nmethod 3889 0x0000021a9c678790 code [0x0000021a9c678960, 0x0000021a9c678d58]
Event: 36.280 Thread 0x0000021ab3fbe810 3890       3       sun.net.www.URLConnection::<init> (22 bytes)
Event: 36.280 Thread 0x0000021ab3fbe810 nmethod 3890 0x0000021a9c678f10 code [0x0000021a9c6790e0, 0x0000021a9c6793d8]
Event: 36.295 Thread 0x0000021ab3fbe810 3891       3       java.util.LinkedList$ListItr::<init> (47 bytes)
Event: 36.296 Thread 0x0000021ab3fbe810 nmethod 3891 0x0000021a9c679510 code [0x0000021a9c6796c0, 0x0000021a9c6799a8]
Event: 36.296 Thread 0x0000021ab3fbe810 3892       3       javafx.scene.Parent::requestParentLayout (6 bytes)
Event: 36.297 Thread 0x0000021ab3fbe810 nmethod 3892 0x0000021a9c679a90 code [0x0000021a9c679c60, 0x0000021a9c67a258]
Event: 36.297 Thread 0x0000021ab3fbe810 3893       3       java.util.regex.CharPredicates$$Lambda$45/0x0000000800b78308::is (9 bytes)
Event: 36.298 Thread 0x0000021ab3fbe810 nmethod 3893 0x0000021a9c67a410 code [0x0000021a9c67a5e0, 0x0000021a9c67a978]
Event: 36.298 Thread 0x0000021ab3fbe810 3894       3       java.util.regex.CharPredicates::lambda$ctype$17 (21 bytes)
Event: 36.311 Thread 0x0000021ab3fbe810 nmethod 3894 0x0000021a9c67ab10 code [0x0000021a9c67acc0, 0x0000021a9c67afd8]
Event: 36.311 Thread 0x0000021ab3fbe810 3895  s!   3       sun.net.www.protocol.file.Handler::openConnection (271 bytes)
Event: 36.313 Thread 0x0000021ab3f8fd50 nmethod 3881 0x0000021aa35b7910 code [0x0000021aa35b7b20, 0x0000021aa35b8d60]
Event: 36.314 Thread 0x0000021ab3f8fd50 3882       4       com.sun.org.apache.xerces.internal.util.SymbolTable::hash (53 bytes)
Event: 36.315 Thread 0x0000021ab3fbe810 nmethod 3895 0x0000021a9c67b110 code [0x0000021a9c67b660, 0x0000021a9c67dc58]
Event: 36.318 Thread 0x0000021ab3f8fd50 nmethod 3882 0x0000021aa35b9590 code [0x0000021aa35b9700, 0x0000021aa35b98d8]
Event: 36.318 Thread 0x0000021ab3f8fd50 3884       4       javafx.scene.Node$TreeVisiblePropertyReadOnly::get (13 bytes)
Event: 36.319 Thread 0x0000021ab3f8fd50 nmethod 3884 0x0000021aa35b9a10 code [0x0000021aa35b9b80, 0x0000021aa35b9bf8]

GC Heap History (10 events):
Event: 2.060 GC heap before
{Heap before GC invocations=0 (full 0):
 garbage-first heap   total 196608K, used 10240K [0x0000000741200000, 0x0000000800000000)
  region size 2048K, 6 young (12288K), 0 survivors (0K)
 Metaspace       used 3777K, capacity 5674K, committed 5760K, reserved 1056768K
  class space    used 383K, capacity 564K, committed 640K, reserved 1048576K
}
Event: 2.072 GC heap after
{Heap after GC invocations=1 (full 0):
 garbage-first heap   total 196608K, used 2975K [0x0000000741200000, 0x0000000800000000)
  region size 2048K, 1 young (2048K), 1 survivors (2048K)
 Metaspace       used 3777K, capacity 5674K, committed 5760K, reserved 1056768K
  class space    used 383K, capacity 564K, committed 640K, reserved 1048576K
}
Event: 2.962 GC heap before
{Heap before GC invocations=1 (full 0):
 garbage-first heap   total 196608K, used 13215K [0x0000000741200000, 0x0000000800000000)
  region size 2048K, 6 young (12288K), 1 survivors (2048K)
 Metaspace       used 7893K, capacity 8716K, committed 8960K, reserved 1056768K
  class space    used 929K, capacity 999K, committed 1024K, reserved 1048576K
}
Event: 2.969 GC heap after
{Heap after GC invocations=2 (full 0):
 garbage-first heap   total 196608K, used 4473K [0x0000000741200000, 0x0000000800000000)
  region size 2048K, 1 young (2048K), 1 survivors (2048K)
 Metaspace       used 7893K, capacity 8716K, committed 8960K, reserved 1056768K
  class space    used 929K, capacity 999K, committed 1024K, reserved 1048576K
}
Event: 5.903 GC heap before
{Heap before GC invocations=2 (full 0):
 garbage-first heap   total 196608K, used 29049K [0x0000000741200000, 0x0000000800000000)
  region size 2048K, 12 young (24576K), 1 survivors (2048K)
 Metaspace       used 13952K, capacity 14209K, committed 14464K, reserved 1062912K
  class space    used 1815K, capacity 1904K, committed 1920K, reserved 1048576K
}
Event: 5.913 GC heap after
{Heap after GC invocations=3 (full 0):
 garbage-first heap   total 196608K, used 9695K [0x0000000741200000, 0x0000000800000000)
  region size 2048K, 2 young (4096K), 2 survivors (4096K)
 Metaspace       used 13952K, capacity 14209K, committed 14464K, reserved 1062912K
  class space    used 1815K, capacity 1904K, committed 1920K, reserved 1048576K
}
Event: 35.161 GC heap before
{Heap before GC invocations=3 (full 0):
 garbage-first heap   total 196608K, used 120287K [0x0000000741200000, 0x0000000800000000)
  region size 2048K, 22 young (45056K), 2 survivors (4096K)
 Metaspace       used 19049K, capacity 19425K, committed 19584K, reserved 1067008K
  class space    used 2553K, capacity 2675K, committed 2688K, reserved 1048576K
}
Event: 35.174 GC heap after
{Heap after GC invocations=4 (full 0):
 garbage-first heap   total 196608K, used 99181K [0x0000000741200000, 0x0000000800000000)
  region size 2048K, 7 young (14336K), 7 survivors (14336K)
 Metaspace       used 19049K, capacity 19425K, committed 19584K, reserved 1067008K
  class space    used 2553K, capacity 2675K, committed 2688K, reserved 1048576K
}
Event: 36.298 GC heap before
{Heap before GC invocations=5 (full 0):
 garbage-first heap   total 229376K, used 140141K [0x0000000741200000, 0x0000000800000000)
  region size 2048K, 11 young (22528K), 7 survivors (14336K)
 Metaspace       used 19108K, capacity 19485K, committed 19584K, reserved 1067008K
  class space    used 2559K, capacity 2686K, committed 2688K, reserved 1048576K
}
Event: 36.311 GC heap after
{Heap after GC invocations=6 (full 0):
 garbage-first heap   total 229376K, used 142394K [0x0000000741200000, 0x0000000800000000)
  region size 2048K, 3 young (6144K), 3 survivors (6144K)
 Metaspace       used 19108K, capacity 19485K, committed 19584K, reserved 1067008K
  class space    used 2559K, capacity 2686K, committed 2688K, reserved 1048576K
}

Deoptimization events (20 events):
Event: 35.034 Thread 0x0000021ab5206b50 DEOPT PACKING pc=0x0000021a9c61df3e sp=0x0000008d851fd4e0
Event: 35.034 Thread 0x0000021ab5206b50 DEOPT UNPACKING pc=0x0000021a9b96e23f sp=0x0000008d851fca18 mode 0
Event: 35.035 Thread 0x0000021ab5206b50 DEOPT PACKING pc=0x0000021a9c61df3e sp=0x0000008d851fd4e0
Event: 35.035 Thread 0x0000021ab5206b50 DEOPT UNPACKING pc=0x0000021a9b96e23f sp=0x0000008d851fca18 mode 0
Event: 35.035 Thread 0x0000021ab5206b50 DEOPT PACKING pc=0x0000021a9c61df3e sp=0x0000008d851fd4e0
Event: 35.035 Thread 0x0000021ab5206b50 DEOPT UNPACKING pc=0x0000021a9b96e23f sp=0x0000008d851fca18 mode 0
Event: 35.035 Thread 0x0000021ab5206b50 DEOPT PACKING pc=0x0000021a9c61df3e sp=0x0000008d851fd4e0
Event: 35.035 Thread 0x0000021ab5206b50 DEOPT UNPACKING pc=0x0000021a9b96e23f sp=0x0000008d851fca18 mode 0
Event: 35.036 Thread 0x0000021ab5206b50 DEOPT PACKING pc=0x0000021a9c61df3e sp=0x0000008d851fd4e0
Event: 35.036 Thread 0x0000021ab5206b50 DEOPT UNPACKING pc=0x0000021a9b96e23f sp=0x0000008d851fca18 mode 0
Event: 35.036 Thread 0x0000021ab5206b50 DEOPT PACKING pc=0x0000021a9c61df3e sp=0x0000008d851fd4e0
Event: 35.036 Thread 0x0000021ab5206b50 DEOPT UNPACKING pc=0x0000021a9b96e23f sp=0x0000008d851fca18 mode 0
Event: 35.111 Thread 0x0000021ab5206b50 DEOPT PACKING pc=0x0000021a9c61f2a3 sp=0x0000008d851fd4a0
Event: 35.111 Thread 0x0000021ab5206b50 DEOPT UNPACKING pc=0x0000021a9b96e23f sp=0x0000008d851fc988 mode 0
Event: 35.113 Thread 0x0000021ab5206b50 Uncommon trap: trap_request=0xffffff45 fr.pc=0x0000021aa35b383c relative=0x000000000000021c
Event: 35.113 Thread 0x0000021ab5206b50 Uncommon trap: reason=unstable_if action=reinterpret pc=0x0000021aa35b383c method=com.sun.javafx.iio.png.PNGImageLoader2.decodePalette([BLcom/sun/javafx/iio/ImageMetadata;)Lcom/sun/javafx/iio/ImageFrame; @ 155 c2
Event: 35.113 Thread 0x0000021ab5206b50 DEOPT PACKING pc=0x0000021aa35b383c sp=0x0000008d851fd4d0
Event: 35.113 Thread 0x0000021ab5206b50 DEOPT UNPACKING pc=0x0000021a9b96e42f sp=0x0000008d851fd488 mode 2
Event: 36.247 Thread 0x0000021ab5206b50 DEOPT PACKING pc=0x0000021a9c646bb8 sp=0x0000008d851fd2b0
Event: 36.247 Thread 0x0000021ab5206b50 DEOPT UNPACKING pc=0x0000021a9b96e23f sp=0x0000008d851fc860 mode 0

Classes unloaded (0 events):
No events

Classes redefined (0 events):
No events

Internal exceptions (20 events):
Event: 32.978 Thread 0x0000021ab5325a30 Exception <a 'java/lang/NoSuchMethodError'{0x000000074c381a78}: static Lit/polimi/ingsw/network/messages/CommunicationMex;.<clinit>()V> (0x000000074c381a78) 
thrown [./open/src/hotspot/share/prims/jni.cpp, line 1204]
Event: 32.993 Thread 0x0000021ab5325a30 Exception <a 'java/lang/NoSuchMethodError'{0x000000074c392368}: static Lit/polimi/ingsw/network/messages/DecksUpdateMessage;.<clinit>()V> (0x000000074c392368) 
thrown [./open/src/hotspot/share/prims/jni.cpp, line 1204]
Event: 32.998 Thread 0x0000021ab5325a30 Exception <a 'java/lang/NoSuchMethodError'{0x000000074c39e128}: static Lit/polimi/ingsw/model/cards/Decks;.<clinit>()V> (0x000000074c39e128) 
thrown [./open/src/hotspot/share/prims/jni.cpp, line 1204]
Event: 33.002 Thread 0x0000021ab5325a30 Exception <a 'java/lang/NoSuchMethodError'{0x000000074c3a9be8}: static Lit/polimi/ingsw/model/cards/Deck;.<clinit>()V> (0x000000074c3a9be8) 
thrown [./open/src/hotspot/share/prims/jni.cpp, line 1204]
Event: 33.005 Thread 0x0000021ab5325a30 Exception <a 'java/lang/NoSuchMethodError'{0x000000074bdaeaa8}: static Lit/polimi/ingsw/model/cards/Card;.<clinit>()V> (0x000000074bdaeaa8) 
thrown [./open/src/hotspot/share/prims/jni.cpp, line 1204]
Event: 33.007 Thread 0x0000021ab5325a30 Exception <a 'java/lang/NoSuchMethodError'{0x000000074bdb9408}: static Lit/polimi/ingsw/model/cards/DevelopmentCard;.<clinit>()V> (0x000000074bdb9408) 
thrown [./open/src/hotspot/share/prims/jni.cpp, line 1204]
Event: 33.145 Thread 0x0000021ab5325a30 Exception <a 'java/lang/NoSuchMethodError'{0x000000074bdd2cc0}: static Lit/polimi/ingsw/network/messages/MarketUpdateMessage;.<clinit>()V> (0x000000074bdd2cc0) 
thrown [./open/src/hotspot/share/prims/jni.cpp, line 1204]
Event: 33.148 Thread 0x0000021ab5325a30 Exception <a 'java/lang/NoSuchMethodError'{0x000000074bddeb90}: static Lit/polimi/ingsw/model/Market;.<clinit>()V> (0x000000074bddeb90) 
thrown [./open/src/hotspot/share/prims/jni.cpp, line 1204]
Event: 33.170 Thread 0x0000021ab5325a30 Exception <a 'java/lang/NoSuchMethodError'{0x000000074bdf0c70}: static Lit/polimi/ingsw/network/messages/FaithPathUpdateMessage;.<clinit>()V> (0x000000074bdf0c70) 
thrown [./open/src/hotspot/share/prims/jni.cpp, line 1204]
Event: 33.174 Thread 0x0000021ab5325a30 Exception <a 'java/lang/NoSuchMethodError'{0x000000074bdfb850}: static Lit/polimi/ingsw/model/FaithPath;.<clinit>()V> (0x000000074bdfb850) 
thrown [./open/src/hotspot/share/prims/jni.cpp, line 1204]
Event: 33.231 Thread 0x0000021ab5325a30 Exception <a 'java/lang/NoSuchMethodError'{0x000000074ba0b038}: static Lit/polimi/ingsw/network/messages/HumanPlayerUpdateMessage;.<clinit>()V> (0x000000074ba0b038) 
thrown [./open/src/hotspot/share/prims/jni.cpp, line 1204]
Event: 33.236 Thread 0x0000021ab5325a30 Exception <a 'java/lang/NoSuchMethodError'{0x000000074ba18318}: static Lit/polimi/ingsw/model/modelsToSend/CompressedPlayerBoard;.<clinit>()V> (0x000000074ba18318) 
thrown [./open/src/hotspot/share/prims/jni.cpp, line 1204]
Event: 33.249 Thread 0x0000021ab5325a30 Exception <a 'java/lang/NoSuchMethodError'{0x000000074ba3a408}: static Lit/polimi/ingsw/model/board/SimplePlayerBoard;.<clinit>()V> (0x000000074ba3a408) 
thrown [./open/src/hotspot/share/prims/jni.cpp, line 1204]
Event: 33.253 Thread 0x0000021ab5325a30 Exception <a 'java/lang/NoSuchMethodError'{0x000000074ba4d5f0}: static Lit/polimi/ingsw/model/cards/LeaderCard;.<clinit>()V> (0x000000074ba4d5f0) 
thrown [./open/src/hotspot/share/prims/jni.cpp, line 1204]
Event: 33.256 Thread 0x0000021ab5325a30 Exception <a 'java/lang/NoSuchMethodError'{0x000000074ba58eb8}: static Lit/polimi/ingsw/model/player/Strongbox;.<clinit>()V> (0x000000074ba58eb8) 
thrown [./open/src/hotspot/share/prims/jni.cpp, line 1204]
Event: 33.258 Thread 0x0000021ab5325a30 Exception <a 'java/lang/NoSuchMethodError'{0x000000074ba619f0}: static Lit/polimi/ingsw/model/player/Warehouse;.<clinit>()V> (0x000000074ba619f0) 
thrown [./open/src/hotspot/share/prims/jni.cpp, line 1204]
Event: 33.342 Thread 0x0000021ab5325a30 Exception <a 'java/lang/NoSuchMethodError'{0x000000074ba70740}: static Lit/polimi/ingsw/network/messages/StateMessage;.<clinit>()V> (0x000000074ba70740) 
thrown [./open/src/hotspot/share/prims/jni.cpp, line 1204]
Event: 33.353 Thread 0x0000021ab5323880 Exception <a 'java/lang/NoSuchMethodError'{0x000000074c0295c0}: 'java.lang.Object java.lang.invoke.DirectMethodHandle$Holder.newInvokeSpecial(java.lang.Object, java.lang.Object, java.lang.Object, int)'> (0x000000074c0295c0) 
thrown [./open/src/hotspot/share/interpreter/linkResolver.cpp, line 782]
Event: 33.354 Thread 0x0000021ab5323880 Exception <a 'java/lang/NoSuchMethodError'{0x000000074c02d800}: 'java.lang.Object java.lang.invoke.DirectMethodHandle$Holder.invokeSpecial(java.lang.Object, java.lang.Object, java.lang.Object, java.lang.Object, int)'> (0x000000074c02d800) 
thrown [./open/src/hotspot/share/interpreter/linkResolver.cpp, line 782]
Event: 33.354 Thread 0x0000021ab5323880 Exception <a 'java/lang/NoSuchMethodError'{0x000000074c031318}: 'java.lang.Object java.lang.invoke.Invokers$Holder.linkToTargetMethod(java.lang.Object, java.lang.Object, int, java.lang.Object)'> (0x000000074c031318) 
thrown [./open/src/hotspot/share/interpreter/linkResolver.cpp, line 782]

Events (20 events):
Event: 32.831 loading class java/util/function/UnaryOperator done
Event: 32.832 loading class java/io/SerialCallbackContext
Event: 32.832 loading class java/io/SerialCallbackContext done
Event: 32.930 Executing VM operation: HandshakeAllThreads
Event: 32.930 Executing VM operation: HandshakeAllThreads done
Event: 33.196 Thread 0x0000021aba2bac00 Thread added: 0x0000021aba2bac00
Event: 33.780 Thread 0x0000021aba2bac00 Thread exited: 0x0000021aba2bac00
Event: 33.915 Thread 0x0000021aba2ba1e0 Thread added: 0x0000021aba2ba1e0
Event: 34.289 Thread 0x0000021aba2ba1e0 Thread exited: 0x0000021aba2ba1e0
Event: 34.942 Executing VM operation: HandshakeAllThreads
Event: 34.942 Executing VM operation: HandshakeAllThreads done
Event: 35.161 Executing VM operation: G1TryInitiateConcMark
Event: 35.174 Executing VM operation: G1TryInitiateConcMark done
Event: 35.195 Executing VM operation: G1Concurrent
Event: 35.204 Executing VM operation: G1Concurrent done
Event: 35.210 Executing VM operation: G1Concurrent
Event: 35.210 Executing VM operation: G1Concurrent done
Event: 36.298 Executing VM operation: G1TryInitiateConcMark
Event: 36.311 Executing VM operation: G1TryInitiateConcMark done
Event: 36.331 Executing VM operation: G1Concurrent


Dynamic libraries:
0x00007ff7ad440000 - 0x00007ff7ad44f000 	C:\Program Files\Java\jdk-15.0.2\bin\java.exe
0x00007ffe240f0000 - 0x00007ffe242e5000 	C:\WINDOWS\SYSTEM32\ntdll.dll
0x00007ffe23a80000 - 0x00007ffe23b3d000 	C:\WINDOWS\System32\KERNEL32.DLL
0x00007ffe21c30000 - 0x00007ffe21ef8000 	C:\WINDOWS\System32\KERNELBASE.dll
0x00007ffe21f50000 - 0x00007ffe22050000 	C:\WINDOWS\System32\ucrtbase.dll
0x00007ffe1c800000 - 0x00007ffe1c819000 	C:\Program Files\Java\jdk-15.0.2\bin\VCRUNTIME140.dll
0x00007ffe1c960000 - 0x00007ffe1c978000 	C:\Program Files\Java\jdk-15.0.2\bin\jli.dll
0x00007ffe22180000 - 0x00007ffe2222c000 	C:\WINDOWS\System32\ADVAPI32.dll
0x00007ffe22710000 - 0x00007ffe227ae000 	C:\WINDOWS\System32\msvcrt.dll
0x00007ffe22ec0000 - 0x00007ffe22f5b000 	C:\WINDOWS\System32\sechost.dll
0x00007ffe22cc0000 - 0x00007ffe22deb000 	C:\WINDOWS\System32\RPCRT4.dll
0x00007ffe23e60000 - 0x00007ffe24000000 	C:\WINDOWS\System32\USER32.dll
0x00007ffe22100000 - 0x00007ffe22122000 	C:\WINDOWS\System32\win32u.dll
0x00007ffe23940000 - 0x00007ffe2396a000 	C:\WINDOWS\System32\GDI32.dll
0x00007ffe14210000 - 0x00007ffe144aa000 	C:\WINDOWS\WinSxS\amd64_microsoft.windows.common-controls_6595b64144ccf1df_6.0.19041.1052_none_60b8f8fd71f5e8cb\COMCTL32.dll
0x00007ffe21ac0000 - 0x00007ffe21bcb000 	C:\WINDOWS\System32\gdi32full.dll
0x00007ffe218c0000 - 0x00007ffe2195d000 	C:\WINDOWS\System32\msvcp_win.dll
0x00007ffe1b910000 - 0x00007ffe1b91a000 	C:\WINDOWS\SYSTEM32\VERSION.dll
0x00007ffe23910000 - 0x00007ffe23940000 	C:\WINDOWS\System32\IMM32.DLL
0x00007ffe1da10000 - 0x00007ffe1da1c000 	C:\Program Files\Java\jdk-15.0.2\bin\vcruntime140_1.dll
0x00007ffe1b770000 - 0x00007ffe1b801000 	C:\Program Files\Java\jdk-15.0.2\bin\msvcp140.dll
0x00007ffdf50d0000 - 0x00007ffdf5c2e000 	C:\Program Files\Java\jdk-15.0.2\bin\server\jvm.dll
0x00007ffe23cc0000 - 0x00007ffe23cc8000 	C:\WINDOWS\System32\PSAPI.DLL
0x00007ffe0ab20000 - 0x00007ffe0ab29000 	C:\WINDOWS\SYSTEM32\WSOCK32.dll
0x00007ffe23b40000 - 0x00007ffe23bab000 	C:\WINDOWS\System32\WS2_32.dll
0x00007ffe15ce0000 - 0x00007ffe15d07000 	C:\WINDOWS\SYSTEM32\WINMM.dll
0x00007ffe1f780000 - 0x00007ffe1f792000 	C:\WINDOWS\SYSTEM32\kernel.appcore.dll
0x00007ffe1d980000 - 0x00007ffe1d98a000 	C:\Program Files\Java\jdk-15.0.2\bin\jimage.dll
0x00007ffe10a90000 - 0x00007ffe10c74000 	C:\WINDOWS\SYSTEM32\DBGHELP.DLL
0x00007ffe15da0000 - 0x00007ffe15dcc000 	C:\WINDOWS\SYSTEM32\dbgcore.DLL
0x00007ffe21830000 - 0x00007ffe218b3000 	C:\WINDOWS\System32\bcryptPrimitives.dll
0x00007ffe1d1e0000 - 0x00007ffe1d1ee000 	C:\Program Files\Java\jdk-15.0.2\bin\instrument.dll
0x00007ffe1c7d0000 - 0x00007ffe1c7f5000 	C:\Program Files\Java\jdk-15.0.2\bin\java.dll
0x00007ffe231d0000 - 0x00007ffe2390f000 	C:\WINDOWS\System32\SHELL32.dll
0x00007ffe1f980000 - 0x00007ffe20110000 	C:\WINDOWS\SYSTEM32\windows.storage.dll
0x00007ffe22960000 - 0x00007ffe22cb5000 	C:\WINDOWS\System32\combase.dll
0x00007ffe212a0000 - 0x00007ffe212cc000 	C:\WINDOWS\SYSTEM32\Wldp.dll
0x00007ffe24000000 - 0x00007ffe240ae000 	C:\WINDOWS\System32\SHCORE.dll
0x00007ffe23a20000 - 0x00007ffe23a75000 	C:\WINDOWS\System32\shlwapi.dll
0x00007ffe21770000 - 0x00007ffe2178f000 	C:\WINDOWS\SYSTEM32\profapi.dll
0x00007ffe1c660000 - 0x00007ffe1c678000 	C:\Program Files\Java\jdk-15.0.2\bin\zip.dll
0x00007ffe1c640000 - 0x00007ffe1c659000 	C:\Program Files\Java\jdk-15.0.2\bin\net.dll
0x00007ffe16080000 - 0x00007ffe1618b000 	C:\WINDOWS\SYSTEM32\WINHTTP.dll
0x00007ffe21010000 - 0x00007ffe2107a000 	C:\WINDOWS\system32\mswsock.dll
0x00007ffe1c450000 - 0x00007ffe1c462000 	C:\Program Files\Java\jdk-15.0.2\bin\nio.dll
0x00007ffe1b750000 - 0x00007ffe1b76a000 	C:\Program Files\JetBrains\IntelliJ IDEA 2020.3.2\bin\breakgen64.dll
0x0000021a91890000 - 0x0000021a91893000 	C:\Users\Utente\.openjfx\cache\16\api-ms-win-core-console-l1-1-0.dll
0x0000021a935f0000 - 0x0000021a935f3000 	C:\Users\Utente\.openjfx\cache\16\api-ms-win-core-console-l1-2-0.dll
0x0000021a93600000 - 0x0000021a93603000 	C:\Users\Utente\.openjfx\cache\16\api-ms-win-core-datetime-l1-1-0.dll
0x0000021a93610000 - 0x0000021a93613000 	C:\Users\Utente\.openjfx\cache\16\api-ms-win-core-debug-l1-1-0.dll
0x0000021a93620000 - 0x0000021a93623000 	C:\Users\Utente\.openjfx\cache\16\api-ms-win-core-errorhandling-l1-1-0.dll
0x0000021a93630000 - 0x0000021a93634000 	C:\Users\Utente\.openjfx\cache\16\api-ms-win-core-file-l1-1-0.dll
0x0000021a93640000 - 0x0000021a93643000 	C:\Users\Utente\.openjfx\cache\16\api-ms-win-core-file-l1-2-0.dll
0x0000021a93650000 - 0x0000021a93653000 	C:\Users\Utente\.openjfx\cache\16\api-ms-win-core-file-l2-1-0.dll
0x0000021a93680000 - 0x0000021a93683000 	C:\Users\Utente\.openjfx\cache\16\api-ms-win-core-handle-l1-1-0.dll
0x0000021a93690000 - 0x0000021a93693000 	C:\Users\Utente\.openjfx\cache\16\api-ms-win-core-heap-l1-1-0.dll
0x0000021a936a0000 - 0x0000021a936a3000 	C:\Users\Utente\.openjfx\cache\16\api-ms-win-core-interlocked-l1-1-0.dll
0x0000021a936b0000 - 0x0000021a936b3000 	C:\Users\Utente\.openjfx\cache\16\api-ms-win-core-libraryloader-l1-1-0.dll
0x0000021ab54d0000 - 0x0000021ab54d3000 	C:\Users\Utente\.openjfx\cache\16\api-ms-win-core-localization-l1-2-0.dll
0x0000021ab54e0000 - 0x0000021ab54e3000 	C:\Users\Utente\.openjfx\cache\16\api-ms-win-core-memory-l1-1-0.dll
0x0000021ab54f0000 - 0x0000021ab54f3000 	C:\Users\Utente\.openjfx\cache\16\api-ms-win-core-namedpipe-l1-1-0.dll
0x0000021ab5500000 - 0x0000021ab5503000 	C:\Users\Utente\.openjfx\cache\16\api-ms-win-core-processenvironment-l1-1-0.dll
0x0000021ab5510000 - 0x0000021ab5513000 	C:\Users\Utente\.openjfx\cache\16\api-ms-win-core-processthreads-l1-1-0.dll
0x0000021ab5520000 - 0x0000021ab5523000 	C:\Users\Utente\.openjfx\cache\16\api-ms-win-core-processthreads-l1-1-1.dll
0x0000021ab5530000 - 0x0000021ab5533000 	C:\Users\Utente\.openjfx\cache\16\api-ms-win-core-profile-l1-1-0.dll
0x0000021ab5540000 - 0x0000021ab5543000 	C:\Users\Utente\.openjfx\cache\16\api-ms-win-core-rtlsupport-l1-1-0.dll
0x0000021ab5550000 - 0x0000021ab5553000 	C:\Users\Utente\.openjfx\cache\16\api-ms-win-core-string-l1-1-0.dll
0x0000021ab5560000 - 0x0000021ab5563000 	C:\Users\Utente\.openjfx\cache\16\api-ms-win-core-synch-l1-1-0.dll
0x0000021ab5570000 - 0x0000021ab5573000 	C:\Users\Utente\.openjfx\cache\16\api-ms-win-core-synch-l1-2-0.dll
0x0000021ab5580000 - 0x0000021ab5583000 	C:\Users\Utente\.openjfx\cache\16\api-ms-win-core-sysinfo-l1-1-0.dll
0x0000021ab5590000 - 0x0000021ab5593000 	C:\Users\Utente\.openjfx\cache\16\api-ms-win-core-timezone-l1-1-0.dll
0x0000021ab55a0000 - 0x0000021ab55a3000 	C:\Users\Utente\.openjfx\cache\16\api-ms-win-core-util-l1-1-0.dll
0x0000021ab55b0000 - 0x0000021ab55b3000 	C:\Users\Utente\.openjfx\cache\16\api-ms-win-crt-conio-l1-1-0.dll
0x0000021ab55c0000 - 0x0000021ab55c4000 	C:\Users\Utente\.openjfx\cache\16\api-ms-win-crt-convert-l1-1-0.dll
0x0000021a93660000 - 0x0000021a93663000 	C:\Users\Utente\.openjfx\cache\16\api-ms-win-crt-environment-l1-1-0.dll
0x0000021a93670000 - 0x0000021a93673000 	C:\Users\Utente\.openjfx\cache\16\api-ms-win-crt-filesystem-l1-1-0.dll
0x0000021ab55d0000 - 0x0000021ab55d3000 	C:\Users\Utente\.openjfx\cache\16\api-ms-win-crt-heap-l1-1-0.dll
0x0000021ab55e0000 - 0x0000021ab55e3000 	C:\Users\Utente\.openjfx\cache\16\api-ms-win-crt-locale-l1-1-0.dll
0x0000021ab55f0000 - 0x0000021ab55f5000 	C:\Users\Utente\.openjfx\cache\16\api-ms-win-crt-math-l1-1-0.dll
0x0000021ab5600000 - 0x0000021ab5605000 	C:\Users\Utente\.openjfx\cache\16\api-ms-win-crt-multibyte-l1-1-0.dll
0x0000021ab5610000 - 0x0000021ab5620000 	C:\Users\Utente\.openjfx\cache\16\api-ms-win-crt-private-l1-1-0.dll
0x0000021ab5620000 - 0x0000021ab5623000 	C:\Users\Utente\.openjfx\cache\16\api-ms-win-crt-process-l1-1-0.dll
0x0000021ab5630000 - 0x0000021ab5634000 	C:\Users\Utente\.openjfx\cache\16\api-ms-win-crt-runtime-l1-1-0.dll
0x0000021ab5640000 - 0x0000021ab5644000 	C:\Users\Utente\.openjfx\cache\16\api-ms-win-crt-stdio-l1-1-0.dll
0x0000021ab5650000 - 0x0000021ab5654000 	C:\Users\Utente\.openjfx\cache\16\api-ms-win-crt-string-l1-1-0.dll
0x0000021ab5660000 - 0x0000021ab5663000 	C:\Users\Utente\.openjfx\cache\16\api-ms-win-crt-time-l1-1-0.dll
0x0000021ab5670000 - 0x0000021ab5673000 	C:\Users\Utente\.openjfx\cache\16\api-ms-win-crt-utility-l1-1-0.dll
0x00007ffe14ac0000 - 0x00007ffe14bbc000 	C:\Users\Utente\.openjfx\cache\16\ucrtbase.dll
0x00007ffe1b710000 - 0x00007ffe1b729000 	C:\Users\Utente\.openjfx\cache\16\vcruntime140.dll
0x00007ffe1b6f0000 - 0x00007ffe1b6fc000 	C:\Users\Utente\.openjfx\cache\16\vcruntime140_1.dll
0x00007ffe14a20000 - 0x00007ffe14ab1000 	C:\Users\Utente\.openjfx\cache\16\msvcp140.dll
0x00007ffe1b6c0000 - 0x00007ffe1b6e7000 	C:\Users\Utente\.openjfx\cache\16\prism_d3d.dll
0x00007ffe1abe0000 - 0x00007ffe1adae000 	C:\WINDOWS\system32\d3d9.dll
0x00007ffe1f570000 - 0x00007ffe1f59f000 	C:\WINDOWS\SYSTEM32\dwmapi.dll
0x00007ffe1f3b0000 - 0x00007ffe1f44e000 	C:\WINDOWS\system32\uxtheme.dll
0x00007ffddf050000 - 0x00007ffde1333000 	C:\WINDOWS\SYSTEM32\igdumdim64.dll
0x00007ffe22230000 - 0x00007ffe22699000 	C:\WINDOWS\System32\SETUPAPI.dll
0x00007ffe21f00000 - 0x00007ffe21f4e000 	C:\WINDOWS\System32\cfgmgr32.dll
0x00007ffe22130000 - 0x00007ffe22157000 	C:\WINDOWS\System32\bcrypt.dll
0x00007ffe22df0000 - 0x00007ffe22ebd000 	C:\WINDOWS\System32\OLEAUT32.dll
0x00007ffe23d30000 - 0x00007ffe23e5a000 	C:\WINDOWS\System32\ole32.dll
0x00007ffe17700000 - 0x00007ffe17742000 	C:\Users\Utente\.openjfx\cache\16\glass.dll
0x00007ffe23090000 - 0x00007ffe2316a000 	C:\WINDOWS\System32\COMDLG32.dll
0x00007ffe22f60000 - 0x00007ffe23075000 	C:\WINDOWS\System32\MSCTF.dll
0x00007ffe0ffe0000 - 0x00007ffe109d2000 	C:\WINDOWS\SYSTEM32\igdusc64.dll
0x00007ffe123e0000 - 0x00007ffe1241b000 	C:\WINDOWS\SYSTEM32\dxcore.dll
0x00007ffe17cb0000 - 0x00007ffe17cc4000 	C:\Users\Utente\.openjfx\cache\16\javafx_font.dll
0x00007ffe05e10000 - 0x00007ffe0608f000 	C:\WINDOWS\SYSTEM32\dwrite.dll
0x00007ffe23970000 - 0x00007ffe23a19000 	C:\WINDOWS\System32\clbcatq.dll
0x00007ffe16230000 - 0x00007ffe163e4000 	C:\WINDOWS\SYSTEM32\WindowsCodecs.dll
0x00007ffe144b0000 - 0x00007ffe144ee000 	C:\WINDOWS\system32\dataexchange.dll
0x00007ffe1dee0000 - 0x00007ffe1e144000 	C:\WINDOWS\system32\d3d11.dll
0x00007ffe1ea90000 - 0x00007ffe1ec76000 	C:\WINDOWS\system32\dcomp.dll
0x00007ffe20290000 - 0x00007ffe20384000 	C:\WINDOWS\system32\dxgi.dll
0x00007ffe18660000 - 0x00007ffe18861000 	C:\WINDOWS\system32\twinapi.appcore.dll
0x00007ffdfc1b0000 - 0x00007ffdfc1e4000 	C:\Program Files\Common Files\Microsoft Shared\Ink\rtscom.dll
0x00007ffe18e90000 - 0x00007ffe18f89000 	C:\WINDOWS\SYSTEM32\textinputframework.dll
0x00007ffe1efe0000 - 0x00007ffe1f0d2000 	C:\WINDOWS\System32\CoreMessaging.dll
0x00007ffe1ec80000 - 0x00007ffe1efde000 	C:\WINDOWS\System32\CoreUIComponents.dll
0x00007ffe20570000 - 0x00007ffe205a3000 	C:\WINDOWS\SYSTEM32\ntmarta.dll
0x00007ffe1d820000 - 0x00007ffe1d974000 	C:\WINDOWS\SYSTEM32\wintypes.dll
0x00007ffe1e150000 - 0x00007ffe1e710000 	C:\WINDOWS\SYSTEM32\d2d1.dll
0x00007ffe12590000 - 0x00007ffe12c86000 	C:\WINDOWS\SYSTEM32\D3D10Warp.dll

dbghelp: loaded successfully - version: 4.0.5 - missing functions: none
symbol engine: initialized successfully - sym options: 0x614 - pdb path: .;C:\Program Files\Java\jdk-15.0.2\bin;C:\WINDOWS\SYSTEM32;C:\WINDOWS\WinSxS\amd64_microsoft.windows.common-controls_6595b64144ccf1df_6.0.19041.1052_none_60b8f8fd71f5e8cb;C:\Program Files\Java\jdk-15.0.2\bin\server;C:\Program Files\JetBrains\IntelliJ IDEA 2020.3.2\bin;C:\Users\Utente\.openjfx\cache\16;C:\Program Files\Common Files\Microsoft Shared\Ink

VM Arguments:
jvm_args: -javaagent:C:\Program Files\JetBrains\IntelliJ IDEA 2020.3.2\lib\idea_rt.jar=1054:C:\Program Files\JetBrains\IntelliJ IDEA 2020.3.2\bin -Dfile.encoding=UTF-8 
java_command: it.polimi.ingsw.ClientApp -g
java_class_path (initial): C:\Users\Utente\Desktop\ing-sw-2021-Zuccolotto-Targhini-Tresoldi\target\classes;C:\Users\Utente\.m2\repository\org\openjfx\javafx-controls\16\javafx-controls-16.jar;C:\Users\Utente\.m2\repository\org\openjfx\javafx-controls\16\javafx-controls-16-win.jar;C:\Users\Utente\.m2\repository\org\openjfx\javafx-graphics\16\javafx-graphics-16.jar;C:\Users\Utente\.m2\repository\org\openjfx\javafx-fxml\16\javafx-fxml-16.jar;C:\Users\Utente\.m2\repository\org\openjfx\javafx-fxml\16\javafx-fxml-16-win.jar;C:\Users\Utente\.m2\repository\org\openjfx\javafx-graphics\16\javafx-graphics-16-win.jar;C:\Users\Utente\.m2\repository\org\openjfx\javafx-base\16\javafx-base-16.jar;C:\Users\Utente\.m2\repository\org\openjfx\javafx-base\16\javafx-base-16-win.jar;C:\Users\Utente\.m2\repository\com\google\code\gson\gson\2.8.6\gson-2.8.6.jar;C:\Users\Utente\.m2\repository\junit\junit\4.13.2\junit-4.13.2.jar;C:\Users\Utente\.m2\repository\org\hamcrest\hamcrest-core\1.3\hamcrest-core-1.3.jar
Launcher Type: SUN_STANDARD

[Global flags]
     intx CICompilerCount                          = 3                                         {product} {ergonomic}
     uint ConcGCThreads                            = 1                                         {product} {ergonomic}
     uint G1ConcRefinementThreads                  = 4                                         {product} {ergonomic}
   size_t G1HeapRegionSize                         = 2097152                                   {product} {ergonomic}
    uintx GCDrainStackTargetSize                   = 64                                        {product} {ergonomic}
   size_t InitialHeapSize                          = 201326592                                 {product} {ergonomic}
   size_t MarkStackSize                            = 4194304                                   {product} {ergonomic}
   size_t MaxHeapSize                              = 3202351104                                {product} {ergonomic}
   size_t MaxNewSize                               = 1920991232                                {product} {ergonomic}
   size_t MinHeapDeltaBytes                        = 2097152                                   {product} {ergonomic}
   size_t MinHeapSize                              = 8388608                                   {product} {ergonomic}
    uintx NonNMethodCodeHeapSize                   = 5832780                                {pd product} {ergonomic}
    uintx NonProfiledCodeHeapSize                  = 122912730                              {pd product} {ergonomic}
    uintx ProfiledCodeHeapSize                     = 122912730                              {pd product} {ergonomic}
    uintx ReservedCodeCacheSize                    = 251658240                              {pd product} {ergonomic}
     bool SegmentedCodeCache                       = true                                      {product} {ergonomic}
   size_t SoftMaxHeapSize                          = 3202351104                             {manageable} {ergonomic}
     bool UseCompressedClassPointers               = true                                 {lp64_product} {ergonomic}
     bool UseCompressedOops                        = true                                 {lp64_product} {ergonomic}
     bool UseG1GC                                  = true                                      {product} {ergonomic}
     bool UseLargePagesIndividualAllocation        = false                                  {pd product} {ergonomic}

Logging:
Log output configuration:
 #0: stdout all=warning uptime,level,tags
 #1: stderr all=off uptime,level,tags

Environment Variables:
PATH=C:\Program Files\Common Files\Oracle\Java\javapath;C:\ProgramData\Oracle\Java\javapath;C:\Program Files (x86)\Intel\iCLS Client\;C:\Program Files\Intel\iCLS Client\;C:\Windows\system32;C:\Windows;C:\Windows\System32\Wbem;C:\Windows\System32\WindowsPowerShell\v1.0\;C:\Program Files\Acer\Remote Files\;C:\WINDOWS\system32;C:\WINDOWS;C:\WINDOWS\System32\Wbem;C:\WINDOWS\System32\WindowsPowerShell\v1.0\;C:\Program Files\Intel\WiFi\bin\;C:\Program Files\Common Files\Intel\WirelessCommon\;C:\Program Files (x86)\NVIDIA Corporation\PhysX\Common;C:\WINDOWS\system32;C:\WINDOWS;C:\WINDOWS\System32\Wbem;C:\WINDOWS\System32\WindowsPowerShell\v1.0\;C:\WINDOWS\System32\OpenSSH\;C:\Program Files\Git\cmd;C:\Program Files\Intel\WiFi\bin\;C:\Program Files\Common Files\Intel\WirelessCommon\;C:\Users\Utente\AppData\Local\Microsoft\WindowsApps;C:\Program Files\JetBrains\IntelliJ IDEA 2020.3.2\bin;;C:\Users\Utente\AppData\Local\GitHubDesktop\bin
USERNAME=Utente
OS=Windows_NT
PROCESSOR_IDENTIFIER=Intel64 Family 6 Model 69 Stepping 1, GenuineIntel



---------------  S Y S T E M  ---------------

OS:
 Windows 10 , 64 bit Build 19041 (10.0.19041.1023)
OS uptime: 5 days 7:29 hours

CPU: total 4 (initial active 4) (2 cores per cpu, 2 threads per core) family 6 model 69 stepping 1 microcode 0x26, cmov, cx8, fxsr, mmx, sse, sse2, sse3, ssse3, sse4.1, sse4.2, popcnt, vzeroupper, avx, avx2, aes, clmul, erms, lzcnt, ht, tsc, tscinvbit, bmi1, bmi2, fma, clflush

Memory: 4k page, system-wide physical 12211M (3753M free)
TotalPageFile size 12211M (AvailPageFile size 14M)
current process WorkingSet (physical memory assigned to process): 320M, peak: 320M
current process commit charge ("private bytes"): 400M, peak: 474M

vm_info: Java HotSpot(TM) 64-Bit Server VM (15.0.2+7-27) for windows-amd64 JRE (15.0.2+7-27), built on Dec  7 2020 20:07:01 by "mach5one" with unknown MS VC++:1925

END.
