#
# There is insufficient memory for the Java Runtime Environment to continue.
# Native memory allocation (mmap) failed to map 201326592 bytes for G1 virtual space
# Possible reasons:
#   The system is out of physical RAM or swap space
#   The process is running with CompressedOops enabled, and the Java Heap may be blocking the growth of the native heap
# Possible solutions:
#   Reduce memory load on the system
#   Increase physical memory or swap space
#   Check if swap backing store is full
#   Decrease Java heap size (-Xmx/-Xms)
#   Decrease number of Java threads
#   Decrease Java thread stack sizes (-Xss)
#   Set larger code cache with -XX:ReservedCodeCacheSize=
#   JVM is running with Zero Based Compressed Oops mode in which the Java heap is
#     placed in the first 32GB address space. The Java Heap base address is the
#     maximum limit for the native heap growth. Please use -XX:HeapBaseMinAddress
#     to set the Java Heap base and to place the Java Heap above 32GB virtual address.
# This output file may be truncated or incomplete.
#
#  Out of Memory Error (./open/src/hotspot/os/windows/os_windows.cpp:3321), pid=15076, tid=13804
#
# JRE version:  (15.0.2+7) (build )
# Java VM: Java HotSpot(TM) 64-Bit Server VM (15.0.2+7-27, mixed mode, sharing, tiered, compressed oops, g1 gc, windows-amd64)
# No core dump will be written. Minidumps are not enabled by default on client versions of Windows
#

---------------  S U M M A R Y ------------

Command Line: -javaagent:C:\Program Files\JetBrains\IntelliJ IDEA 2020.3.2\lib\idea_rt.jar=1067:C:\Program Files\JetBrains\IntelliJ IDEA 2020.3.2\bin -Dfile.encoding=UTF-8 it.polimi.ingsw.ClientApp -g

Host: Intel(R) Core(TM) i5-4210U CPU @ 1.70GHz, 4 cores, 11G,  Windows 10 , 64 bit Build 19041 (10.0.19041.1023)
Time: Tue Jun 22 16:48:35 2021 W. Europe Daylight Time elapsed time: 0.052748 seconds (0d 0h 0m 0s)

---------------  T H R E A D  ---------------

Current thread (0x000001b4c49d22f0):  JavaThread "Unknown thread" [_thread_in_vm, id=13804, stack(0x00000077d1000000,0x00000077d1100000)]

Stack: [0x00000077d1000000,0x00000077d1100000]
Native frames: (J=compiled Java code, j=interpreted, Vv=VM code, C=native code)
V  [jvm.dll+0x62ae9a]
V  [jvm.dll+0x7817a9]
V  [jvm.dll+0x782f03]
V  [jvm.dll+0x783563]
V  [jvm.dll+0x216325]
V  [jvm.dll+0x6281d9]
V  [jvm.dll+0x61cf55]
V  [jvm.dll+0x2cffdd]
V  [jvm.dll+0x2cfe42]
V  [jvm.dll+0x2d5e1c]
V  [jvm.dll+0x32590a]
V  [jvm.dll+0x324fd4]
V  [jvm.dll+0x2a6f5a]
V  [jvm.dll+0x2a80f8]
V  [jvm.dll+0x75e241]
V  [jvm.dll+0x3341c4]
V  [jvm.dll+0x73e926]
V  [jvm.dll+0x3b7557]
V  [jvm.dll+0x3b8fe1]
C  [jli.dll+0x52fb]
C  [ucrtbase.dll+0x21bb2]
C  [KERNEL32.DLL+0x17034]
C  [ntdll.dll+0x52651]


---------------  P R O C E S S  ---------------

Threads class SMR info:
_java_thread_list=0x00007ffdf5b94ff0, length=0, elements={
}

Java Threads: ( => current thread )

Other Threads:
  0x000001b4c4a174c0 GCTaskThread "GC Thread#0" [stack: 0x00000077d1100000,0x00000077d1200000] [id=10512]
  0x000001b4c4a24660 ConcurrentGCThread "G1 Main Marker" [stack: 0x00000077d1200000,0x00000077d1300000] [id=11500]
  0x000001b4c4a26260 ConcurrentGCThread "G1 Conc#0" [stack: 0x00000077d1300000,0x00000077d1400000] [id=17400]

[error occurred during error reporting (printing all threads), id 0xc0000005, EXCEPTION_ACCESS_VIOLATION (0xc0000005) at pc=0x00007ffdf5387e27]

VM state: not at safepoint (not fully initialized)

VM Mutex/Monitor currently owned by a thread:  ([mutex/lock_event])
[0x000001b4c49ce100] Heap_lock - owner thread: 0x000001b4c49d22f0

Heap address: 0x0000000741200000, size: 3054 MB, Compressed Oops mode: Zero based, Oop shift amount: 3
CDS archive(s) mapped at: [0x0000000000000000-0x0000000000000000-0x0000000000000000), size 0, SharedBaseAddress: 0x0000000800000000, ArchiveRelocationMode: 0.
Narrow klass base: 0x0000000000000000, Narrow klass shift: 0, Narrow klass range: 0x0

Heap:
 garbage-first heap   total 196608K, used 0K [0x0000000741200000, 0x0000000800000000)
  region size 2048K, 0 young (0K), 0 survivors (0K)
 Metaspace       used 0K, capacity 0K, committed 0K, reserved 0K
  class space    used 0K, capacity 0K, committed 0K, reserved 0K

Heap Regions: E=young(eden), S=young(survivor), O=old, HS=humongous(starts), HC=humongous(continues), CS=collection set, F=free, OA=open archive, CA=closed archive, TAMS=top-at-mark-start (previous, next)

Card table byte_map: [0x000001b4dc210000,0x000001b4dc810000] _byte_map_base: 0x000001b4d8807000

Marking Bits (Prev, Next): (CMBitMap*) 0x000001b4c4a17d30, (CMBitMap*) 0x000001b4c4a17d70
 Prev Bits: [0x000001b4dce10000, 0x000001b4dfdc8000)
 Next Bits: [0x000001b4dfdd0000, 0x000001b4e2d88000)

GC Heap History (0 events):
No events

Deoptimization events (0 events):
No events

Classes unloaded (0 events):
No events

Classes redefined (0 events):
No events

Internal exceptions (0 events):
No events

Events (1 events):
Event: 0.025 Loaded shared library C:\Program Files\Java\jdk-15.0.2\bin\java.dll


Dynamic libraries:
0x00007ff7ad440000 - 0x00007ff7ad44f000 	C:\Program Files\Java\jdk-15.0.2\bin\java.exe
0x00007ffe240f0000 - 0x00007ffe242e5000 	C:\WINDOWS\SYSTEM32\ntdll.dll
0x00007ffe23a80000 - 0x00007ffe23b3d000 	C:\WINDOWS\System32\KERNEL32.DLL
0x00007ffe21c30000 - 0x00007ffe21ef8000 	C:\WINDOWS\System32\KERNELBASE.dll
0x00007ffe21f50000 - 0x00007ffe22050000 	C:\WINDOWS\System32\ucrtbase.dll
0x00007ffe1c960000 - 0x00007ffe1c978000 	C:\Program Files\Java\jdk-15.0.2\bin\jli.dll
0x00007ffe22180000 - 0x00007ffe2222c000 	C:\WINDOWS\System32\ADVAPI32.dll
0x00007ffe22710000 - 0x00007ffe227ae000 	C:\WINDOWS\System32\msvcrt.dll
0x00007ffe22ec0000 - 0x00007ffe22f5b000 	C:\WINDOWS\System32\sechost.dll
0x00007ffe22cc0000 - 0x00007ffe22deb000 	C:\WINDOWS\System32\RPCRT4.dll
0x00007ffe23e60000 - 0x00007ffe24000000 	C:\WINDOWS\System32\USER32.dll
0x00007ffe22100000 - 0x00007ffe22122000 	C:\WINDOWS\System32\win32u.dll
0x00007ffe23940000 - 0x00007ffe2396a000 	C:\WINDOWS\System32\GDI32.dll
0x00007ffe21ac0000 - 0x00007ffe21bcb000 	C:\WINDOWS\System32\gdi32full.dll
0x00007ffe218c0000 - 0x00007ffe2195d000 	C:\WINDOWS\System32\msvcp_win.dll
0x00007ffe1c800000 - 0x00007ffe1c819000 	C:\Program Files\Java\jdk-15.0.2\bin\VCRUNTIME140.dll
0x00007ffe14210000 - 0x00007ffe144aa000 	C:\WINDOWS\WinSxS\amd64_microsoft.windows.common-controls_6595b64144ccf1df_6.0.19041.1052_none_60b8f8fd71f5e8cb\COMCTL32.dll
0x00007ffe1b910000 - 0x00007ffe1b91a000 	C:\WINDOWS\SYSTEM32\VERSION.dll
0x00007ffe23910000 - 0x00007ffe23940000 	C:\WINDOWS\System32\IMM32.DLL
0x00007ffe1da10000 - 0x00007ffe1da1c000 	C:\Program Files\Java\jdk-15.0.2\bin\vcruntime140_1.dll
0x00007ffe1b770000 - 0x00007ffe1b801000 	C:\Program Files\Java\jdk-15.0.2\bin\msvcp140.dll
0x00007ffdf50d0000 - 0x00007ffdf5c2e000 	C:\Program Files\Java\jdk-15.0.2\bin\server\jvm.dll
0x00007ffe23cc0000 - 0x00007ffe23cc8000 	C:\WINDOWS\System32\PSAPI.DLL
0x00007ffe0ab20000 - 0x00007ffe0ab29000 	C:\WINDOWS\SYSTEM32\WSOCK32.dll
0x00007ffe23b40000 - 0x00007ffe23bab000 	C:\WINDOWS\System32\WS2_32.dll
0x00007ffe15ce0000 - 0x00007ffe15d07000 	C:\WINDOWS\SYSTEM32\WINMM.dll
0x00007ffe1f780000 - 0x00007ffe1f792000 	C:\WINDOWS\SYSTEM32\kernel.appcore.dll
0x00007ffe1d980000 - 0x00007ffe1d98a000 	C:\Program Files\Java\jdk-15.0.2\bin\jimage.dll
0x00007ffe10a90000 - 0x00007ffe10c74000 	C:\WINDOWS\SYSTEM32\DBGHELP.DLL
0x00007ffe15da0000 - 0x00007ffe15dcc000 	C:\WINDOWS\SYSTEM32\dbgcore.DLL
0x00007ffe21830000 - 0x00007ffe218b3000 	C:\WINDOWS\System32\bcryptPrimitives.dll
0x00007ffe1d1e0000 - 0x00007ffe1d1ee000 	C:\Program Files\Java\jdk-15.0.2\bin\instrument.dll
0x00007ffe1c7d0000 - 0x00007ffe1c7f5000 	C:\Program Files\Java\jdk-15.0.2\bin\java.dll

dbghelp: loaded successfully - version: 4.0.5 - missing functions: none
symbol engine: initialized successfully - sym options: 0x614 - pdb path: .;C:\Program Files\Java\jdk-15.0.2\bin;C:\WINDOWS\SYSTEM32;C:\WINDOWS\WinSxS\amd64_microsoft.windows.common-controls_6595b64144ccf1df_6.0.19041.1052_none_60b8f8fd71f5e8cb;C:\Program Files\Java\jdk-15.0.2\bin\server

VM Arguments:
jvm_args: -javaagent:C:\Program Files\JetBrains\IntelliJ IDEA 2020.3.2\lib\idea_rt.jar=1067:C:\Program Files\JetBrains\IntelliJ IDEA 2020.3.2\bin -Dfile.encoding=UTF-8 
java_command: it.polimi.ingsw.ClientApp -g
java_class_path (initial): C:\Users\Utente\Desktop\ing-sw-2021-Zuccolotto-Targhini-Tresoldi\target\classes;C:\Users\Utente\.m2\repository\org\openjfx\javafx-controls\16\javafx-controls-16.jar;C:\Users\Utente\.m2\repository\org\openjfx\javafx-controls\16\javafx-controls-16-win.jar;C:\Users\Utente\.m2\repository\org\openjfx\javafx-graphics\16\javafx-graphics-16.jar;C:\Users\Utente\.m2\repository\org\openjfx\javafx-fxml\16\javafx-fxml-16.jar;C:\Users\Utente\.m2\repository\org\openjfx\javafx-fxml\16\javafx-fxml-16-win.jar;C:\Users\Utente\.m2\repository\org\openjfx\javafx-graphics\16\javafx-graphics-16-win.jar;C:\Users\Utente\.m2\repository\org\openjfx\javafx-base\16\javafx-base-16.jar;C:\Users\Utente\.m2\repository\org\openjfx\javafx-base\16\javafx-base-16-win.jar;C:\Users\Utente\.m2\repository\com\google\code\gson\gson\2.8.6\gson-2.8.6.jar;C:\Users\Utente\.m2\repository\junit\junit\4.13.2\junit-4.13.2.jar;C:\Users\Utente\.m2\repository\org\hamcrest\hamcrest-core\1.3\hamcrest-core-1.3.jar
Launcher Type: SUN_STANDARD

[Global flags]
     intx CICompilerCount                          = 3                                         {product} {ergonomic}
     uint ConcGCThreads                            = 1                                         {product} {ergonomic}
     uint G1ConcRefinementThreads                  = 4                                         {product} {ergonomic}
   size_t G1HeapRegionSize                         = 2097152                                   {product} {ergonomic}
    uintx GCDrainStackTargetSize                   = 64                                        {product} {ergonomic}
   size_t InitialHeapSize                          = 201326592                                 {product} {ergonomic}
   size_t MarkStackSize                            = 4194304                                   {product} {ergonomic}
   size_t MaxHeapSize                              = 3202351104                                {product} {ergonomic}
   size_t MinHeapDeltaBytes                        = 2097152                                   {product} {ergonomic}
   size_t MinHeapSize                              = 8388608                                   {product} {ergonomic}
    uintx NonNMethodCodeHeapSize                   = 5832780                                {pd product} {ergonomic}
    uintx NonProfiledCodeHeapSize                  = 122912730                              {pd product} {ergonomic}
    uintx ProfiledCodeHeapSize                     = 122912730                              {pd product} {ergonomic}
    uintx ReservedCodeCacheSize                    = 251658240                              {pd product} {ergonomic}
     bool SegmentedCodeCache                       = true                                      {product} {ergonomic}
   size_t SoftMaxHeapSize                          = 3202351104                             {manageable} {ergonomic}
     bool UseCompressedClassPointers               = true                                 {lp64_product} {ergonomic}
     bool UseCompressedOops                        = true                                 {lp64_product} {ergonomic}
     bool UseG1GC                                  = true                                      {product} {ergonomic}
     bool UseLargePagesIndividualAllocation        = false                                  {pd product} {ergonomic}

Logging:
Log output configuration:
 #0: stdout all=warning uptime,level,tags
 #1: stderr all=off uptime,level,tags

Environment Variables:
PATH=C:\Program Files\Common Files\Oracle\Java\javapath;C:\ProgramData\Oracle\Java\javapath;C:\Program Files (x86)\Intel\iCLS Client\;C:\Program Files\Intel\iCLS Client\;C:\Windows\system32;C:\Windows;C:\Windows\System32\Wbem;C:\Windows\System32\WindowsPowerShell\v1.0\;C:\Program Files\Acer\Remote Files\;C:\WINDOWS\system32;C:\WINDOWS;C:\WINDOWS\System32\Wbem;C:\WINDOWS\System32\WindowsPowerShell\v1.0\;C:\Program Files\Intel\WiFi\bin\;C:\Program Files\Common Files\Intel\WirelessCommon\;C:\Program Files (x86)\NVIDIA Corporation\PhysX\Common;C:\WINDOWS\system32;C:\WINDOWS;C:\WINDOWS\System32\Wbem;C:\WINDOWS\System32\WindowsPowerShell\v1.0\;C:\WINDOWS\System32\OpenSSH\;C:\Program Files\Git\cmd;C:\Program Files\Intel\WiFi\bin\;C:\Program Files\Common Files\Intel\WirelessCommon\;C:\Users\Utente\AppData\Local\Microsoft\WindowsApps;C:\Program Files\JetBrains\IntelliJ IDEA 2020.3.2\bin;;C:\Users\Utente\AppData\Local\GitHubDesktop\bin
USERNAME=Utente
OS=Windows_NT
PROCESSOR_IDENTIFIER=Intel64 Family 6 Model 69 Stepping 1, GenuineIntel



---------------  S Y S T E M  ---------------

OS:
 Windows 10 , 64 bit Build 19041 (10.0.19041.1023)
OS uptime: 5 days 7:31 hours

CPU: total 4 (initial active 4) (2 cores per cpu, 2 threads per core) family 6 model 69 stepping 1 microcode 0x26, cmov, cx8, fxsr, mmx, sse, sse2, sse3, ssse3, sse4.1, sse4.2, popcnt, vzeroupper, avx, avx2, aes, clmul, erms, lzcnt, ht, tsc, tscinvbit, bmi1, bmi2, fma, clflush

Memory: 4k page, system-wide physical 12211M (3931M free)
TotalPageFile size 12211M (AvailPageFile size 136M)
current process WorkingSet (physical memory assigned to process): 10M, peak: 10M
current process commit charge ("private bytes"): 51M, peak: 243M

vm_info: Java HotSpot(TM) 64-Bit Server VM (15.0.2+7-27) for windows-amd64 JRE (15.0.2+7-27), built on Dec  7 2020 20:07:01 by "mach5one" with unknown MS VC++:1925

END.
